BS0001MC,2018-03-20
BS0001MC,2021-12-20
BS0008MP,2018-02-12
CC001JG,2018-02-26
CC001JG,2020-02-13
CC002SD,2018-04-27
CC003YD,2018-03-20
CC004DD,2018-02-26
CC004DD,2019-08-06
CC004DD,2020-11-23
CC005SD,2018-02-26
CC005SD,2019-08-06
CC005SD,2020-10-28
CC006NM,2018-02-13
CC006NM,2020-02-28
CC007JG,2018-02-19
CC007JG,2019-09-03
CC008AD,2018-04-16
CC008AD,2021-03-09
CC009MG,2018-11-30
CC010TM,2018-04-03
CC010TM,2021-05-10
CC011MC,2018-05-07
CC011MC,2020-11-05
CC012CH,2018-03-27
CC013EH,2018-03-27
CC014PH,2018-03-27
CC015GC,2018-08-28
CC015GC,2019-09-30
CC016MD,2018-03-27
CC016MD,2019-08-06
CC021BL,2019-01-15
CC022SL,2019-04-30
CC022SL,2021-04-26
CC023GD,2018-11-12
CC023GD,2019-11-25
CC023GD,2020-11-10
CC024CM,2018-08-30
CC025NM,2018-08-30
CC025NM,2021-02-15
CC026YM,2018-08-30
CC026YM,2021-02-15
CC030AP,2019-08-19
CP0026SBSDM,2021-09-01
CP0049LCSDM,2021-06-22
CP0051LGSDM,2021-08-16
MRT01,2017-04-18
MRT02,2017-04-21
MRT03,2017-04-20
MRT03,2018-04-27
MRT03,2019-06-07
MRT05,2017-02-10
MRT05,2018-02-12
MRT06,2017-02-28
MRT08,2017-02-10
MRT08,2018-02-12
MRT08,2020-03-02
MRT09,2016-11-29
MRT09,2019-09-30
MRT100,2019-09-30
MRT10,2017-03-28
MRT10,2017-09-13
MRT10,2018-02-13
MRT10,2019-06-10
MRT102,2019-10-10
MRT103,2020-01-06
MRT103,2021-02-04
MRT104,2019-11-18
MRT105,2020-01-08
MRT105,2020-12-02
MRT106,2020-02-24
MRT106,2021-06-22
MRT107,2020-02-24
MRT107,2021-02-18
MRT108,2021-02-04
MRT110,2020-01-31
MRT110,2021-02-15
MRT11,2017-04-21
MRT11,2018-05-08
MRT114,2021-02-23
MRT12,2017-04-18
MRT13,2017-03-27
MRT13,2018-04-30
MRT13,2019-07-16
MRT14,2017-04-19
MRT14,2018-07-03
MRT15,2017-03-29
MRT15,2017-10-03
MRT15,2018-02-13
MRT16,2017-04-25
MRT16,2018-07-09
MRT17,2017-04-28
MRT19,2017-04-19
MRT19,2018-04-30
MRT19,2019-09-03
MRT20,2017-04-28
MRT20,2018-05-08
MRT21,2017-02-28
MRT21,2018-03-26
MRT21,2019-08-20
MRT22,2017-05-24
MRT23,2017-08-15
MRT23,2018-11-19
MRT23,2021-03-11
MRT24,2017-03-28
MRT24,2018-04-09
MRT25,2017-03-27
MRT26,2017-04-11
MRT26,2018-04-27
MRT27,2017-03-29
MRT27,2018-04-09
MRT28,2017-04-20
MRT28,2018-04-27
MRT28,2019-07-10
MRT28,2021-09-08
MRT29,2017-05-09
MRT29,2017-09-19
MRT29,2018-02-13
MRT29,2019-08-20
MRT30,2017-05-09
MRT32,2017-06-14
MRT33,2017-05-24
MRT33,2017-10-03
MRT34,2017-05-25
MRT34,2019-03-04
MRT35,2018-07-09
MRT35,2019-09-05
MRT35,2020-11-11
MRT36,2017-07-05
MRT37,2017-06-14
MRT37,2018-11-22
MRT37,2019-10-28
MRT38,2017-09-25
MRT39,2017-06-19
MRT40,2017-06-14
MRT41,2017-08-17
MRT41,2019-02-26
MRT44,2019-01-30
MRT44,2021-03-09
MRT45,2017-06-19
MRT46,2017-06-19
MRT46,2018-06-21
MRT46,2019-07-16
MRT47,2017-07-05
MRT47,2018-11-22
MRT48,2017-08-17
MRT48,2019-05-17
MRT49,2017-10-24
MRT50,2017-12-18
MRT52,2017-08-21
MRT53,2017-08-15
MRT54,2017-08-08
MRT54,2018-08-30
MRT54,2019-10-10
MRT54,2020-11-10
MRT55,2017-10-24
MRT55,2018-11-13
MRT55,2021-03-31
MRT56,2017-08-08
MRT56,2019-09-27
MRT57,2017-08-08
MRT58,2017-10-16
MRT58,2019-10-10
MRT60,2017-11-28
MRT61,2017-08-17
MRT61,2019-11-25
MRT62,2017-11-13
MRT62,NA
MRT63,2017-08-21
MRT63,2020-02-11
MRT64,2017-10-02
MRT64,2018-12-20
MRT65,2017-11-28
MRT65,2019-02-26
MRT65,2020-01-14
MRT66,2017-10-23
MRT67,2017-10-16
MRT67,2019-05-03
MRT68,2017-09-25
MRT69,2017-10-23
MRT69,2021-05-05
MRT71,2017-11-20
MRT72,2017-11-13
MRT72,2019-10-07
MRT73,2017-11-28
MRT73,2019-04-16
MRT75,2018-05-08
MRT75,2019-07-30
MRT76,2018-04-30
MRT77,2018-06-21
MRT82,2019-03-08
MRT83,2019-08-19
MRT84,2019-03-08
MRT84,2020-02-11
MRT84,2021-01-29
MRT85,2019-04-18
MRT86,2019-05-07
MRT86,2020-10-16
MRT87,2019-03-08
MRT88,2019-03-01
MRT88,2020-10-20
MRT89,2019-05-21
MRT90,2019-08-19
MRT90,2020-11-05
MRT91,2019-03-01
MRT91,2020-02-28
MRT92,2019-03-01
MRT92,2020-02-28
MRT93,2019-05-03
MRT93,2021-12-20
MRT94,2019-05-07
MRT97,2019-09-23
MRT98,2019-07-16
MRT98,2021-08-10
NI001,2017-05-24
NI002,2017-11-20
NI002,2018-11-14
NI002,2019-10-28
NI004,2018-01-08
NI004,2019-05-14
NI004,2021-07-10
NI005,2017-11-28
NI005,2019-01-08
NI005,2020-01-13
NI005R,2017-12-18
NI005R,2019-03-06
NI005R,2020-02-04
NI006,2017-12-18
NI006,2019-01-09
NI006,2020-01-06
NI006R,2017-11-06
NI006R,2019-02-12
NI006R,2020-02-11
NI007,2017-10-24
NI007,2019-03-04
NI007,2020-03-02
NI007R,2018-02-12
NI008,2017-11-28
NI008,2018-11-26
NI008,2019-12-03
NI008R,2017-11-20
NI008R,2021-11-01
NI009,2018-01-08
NI009R,2017-11-06
NI009R,2021-07-13
NI010,2017-11-06
NI011,2018-03-26
NI011R,2018-01-22
NI011R,2019-02-04
NI011R,2020-01-09
NI012,2017-11-29
NI012,2018-11-14
NI012,2019-11-08
NI012R,2018-01-22
NI012R,2019-01-28
NI012R,2020-01-14
NI013,2018-01-09
NI013,2019-02-26
NI013,2020-02-28
NI013R,2017-11-13
NI013R,2018-11-26
NI013R,2020-01-10
NI014,2018-01-08
NI014,2019-03-06
NI014,2020-02-04
NI014R,2018-02-05
NI014R,2019-03-04
NI014R,2020-02-04
NI015,2018-01-09
NI015,2019-06-03
NI015R,2018-01-09
NI017,2018-11-13
NI017,2020-03-02
NI017,2021-09-21
NI017R,2017-11-28
NI017R,2019-02-13
NI017R,2020-01-06
NI018R,2017-11-29
NI018R,2019-01-30
NI018R,2020-01-13
NI019JL,2019-04-16
NI019R,2017-11-29
NI019R,2019-02-18
NI019R,2020-02-13
NI020R,2018-01-22
NI020R,2019-06-07
NI9001FP,2018-02-26
NI9001FP,2020-02-24
NI9001JS,2018-02-19
NI9003GL,2018-02-19
NI9003GL,2019-05-14
NI9004LL,2018-02-19
NI9004LL,2019-05-14
NI9006GB,2018-07-24
NI9006GB,2019-09-30
NI9006GB,2020-10-28
NI9007BS,2018-08-07
NI9007BS,2019-09-23
NI9009NT,2018-01-29
NI9009NT,2019-02-04
NI9009NT,2020-02-13
NI9011CG,2018-01-29
NI9011CG,2019-04-16
NI9011CG,2021-04-14
NI9012GP,2018-01-29
NI9012GP,2019-03-12
NI9012GP,2020-02-11
NI9013SB,2018-11-12
NI9018RF,2018-07-09
NI9018RF,2019-08-05
NI9019HN,2018-02-05
NI9019HN,2019-05-21
NI9020RS,2018-02-05
NI9020RS,2019-05-21
NI9021BG,2018-02-05
NI9021BG,2019-03-12
NI9022DD,2019-02-21
NI9022DD,2020-01-21
NI9023PS,2018-03-20
NI9024CG,2018-05-07
NI9024CG,2019-05-07
NI9024CG,2020-11-04
NI9025JS,2018-04-30
NI9025JS,2019-05-21
NI9025JS,2021-05-03
NI9027YD,2018-07-17
NI9027YD,2021-03-31
NI9028NC,2018-04-03
NI9030CB,2018-04-03
NI9033NS,2018-09-24
NI9033NS,2019-09-05
NI9034JG,2019-02-26
NI9034JG,2020-01-31
NI9034JG,2021-02-08
NI9036LD,2018-07-03
NI9036LD,2019-06-10
NI9037LP,2018-07-24
NI9037LP,2019-09-03
NI9038GP,2018-07-24
NI9038GP,2019-09-03
NI9038GP,2021-09-01
NI9039HG,2018-11-19
NI9039HG,2020-01-23
NI9040RC,2018-07-17
NI9040RC,2019-08-06
NI9040RC,2020-11-11
NI9041RG,2018-08-10
NI9041RG,2019-09-23
NI9041RG,2021-04-13
NI9042NS,2019-01-09
NI9042NS,2020-01-23
NI9042NS,2021-01-29
NI9045AP,2018-08-23
NI9046DW,2019-01-08
NI9046DW,2020-01-21
NI9046DW,2021-02-03
NI9047EB,2019-01-30
NI9047EB,2020-01-21
NI9047EB,2021-05-04
NI9048RM,2018-07-17
NI9048RM,2019-09-05
NI9049CM,2019-03-08
NI9053MG,2018-07-17
NI9054FS,2018-04-03
NI9054FS,2019-08-01
NI9054FS,2020-11-23
NI9055AG,2018-05-08
NI9055AG,2021-05-17
NI9056JC,2018-03-26
NI9056JC,2021-06-29
NI9057PG,2018-04-16
NI9057PG,2019-08-01
NI9057PG,2021-05-03
NI9058GM,2018-07-03
NI9058GM,2019-08-01
NI9058GM,2021-04-07
NI9059GT,2018-12-17
NI9060MD,2018-11-13
NI9060MD,2019-10-28
NI9061GB,2019-04-09
NI9062DB,2019-03-12
NI9062DB,2020-02-24
NI9063NT,2018-08-07
NI9063NT,2019-08-05
NI9063NT,2020-11-04
NI9064LL,2018-08-17
NI9064LL,2019-08-05
NI9064LL,2021-03-30
NI9065BT,2018-06-21
NI9065BT,2019-06-07
NI9065BT,2021-04-13
NI9067EP,2018-05-07
NI9068KC,2019-04-18
NI9070NJ,2018-08-07
NI9075AR,2018-08-17
NI9075AR,2019-08-01
NI9075AR,2021-04-26
NI9076MM,2018-12-20
NI9076MM,2019-11-04
NI9076MM,2021-05-19
NI9078MG,2019-01-09
NI9079BB,2018-07-03
NI9081CP,2018-11-30
NI9081CP,2020-02-10
NI9081CP,2021-05-19
NI9082DB,2018-08-10
NI9082DB,2019-07-30
NI9083RM,2019-01-25
NI9083RM,2020-01-21
NI9083RM,2021-02-03
NI9084SL,2018-12-20
NI9084SL,2020-01-06
NI9084SL,2020-12-01
NI9085LL,2019-01-15
NI9085LL,2020-01-10
NI9085LL,2020-12-01
NI9090PJ,2019-01-25
NI9090PJ,2020-01-06
NI9092GE,2019-04-23
NI9094TZ,2019-01-15
NI9095RP,2019-01-09
NI9095RP,2021-05-04
NI9096EF,2018-09-24
NI9096EF,2019-11-08
NI9097CD,2019-02-12
NI9099BP,2018-05-07
NI9099BP,2019-05-29
NI9100JC,2018-11-16
NI9100JC,2019-11-08
NI9100JC,2021-04-07
NI9101LG,2018-11-16
NI9101LG,2019-11-08
NI9102AS,2018-11-13
NI9102AS,2019-11-04
NI9102AS,2021-03-11
NI9103PS,2018-08-17
NI9103PS,2019-11-18
NI9103PS,2021-04-13
NI9108LM,2018-12-14
NI9111DP,2019-01-25
NI9111DP,2020-01-31
NI9114GG,2019-02-04
NI9114GG,2020-01-14
NI9115JM,2018-11-22
NI9118HD,2019-01-08
NI9118HD,2020-01-16
NI9119ML,2019-02-18
NI9119ML,2021-03-30
NI9120JC,2018-08-28
NI9121JC,2018-11-13
NI9121JC,2019-11-07
NI9123GT,2019-03-01
NI9123GT,2021-03-30
NI9125DT,2018-09-24
NI9126LL,2018-08-28
NI9127LV,2018-10-29
NI9127LV,2019-11-08
NI9127LV,2020-11-03
NI9128HM,2020-01-13
NI9128HM,2021-04-13
NI9129ML,2019-03-04
NI9129ML,2020-02-11
NI9129ML,2021-05-20
NI9130DR,2019-02-18
NI9130DR,2020-02-19
NI9131GH,2018-12-13
NI9131GH,2019-12-03
NI9131GH,2021-02-08
NI9132SD,2019-02-18
NI9132SD,2020-02-19
NI9133CC,2019-04-09
NI9133CC,2020-02-27
NI9133CC,2021-07-02
NI9136CG,2019-04-18
NI9139RM,2018-09-24
NI9139RM,2019-12-03
NI9139RM,2021-04-20
NI9141CA,2018-11-12
NI9144FL,2019-04-18
NI9144FL,2021-04-26
NI9146PG,2019-01-08
NI9147GT,2018-11-12
NI9148LC,2018-11-12
NI9150SF,2018-11-26
NI9152IL,2019-02-21
NI9152IL,2020-02-10
NI9161SB,2019-01-25
NI9161SB,2020-01-14
NI9161SB,2021-03-31
NI9163DR,2018-11-30
NI9163DR,2019-10-07
NI9164DR,2019-02-12
NI9164DR,2020-02-10
NI9164DR,2021-09-08
NI9165LL,2019-01-25
NI9165LL,2020-01-06
NI9165LL,2021-05-03
NI9166EM,2019-04-12
NI9166EM,2021-05-04
NI9168AD,2019-05-15
NI9168AD,2021-10-20
NI9170JR,2018-11-30
NI9170JR,2020-01-23
NI9170JR,2021-03-30
NI9171PV,2018-11-30
NI9171PV,2019-10-28
NI9171PV,2020-10-16
NI9173SG,2019-01-15
NI9174NB,2018-07-24
NI9174NB,2019-08-20
NI9174NB,2020-11-03
NI9176DK,2019-02-26
NI9176DK,2020-02-10
NI9176DK,2021-04-19
NI9177JC,2019-09-27
NI9177JC,2021-11-01
NI9178GG,2019-02-21
NI9178GG,2020-01-31
NI9178GG,2021-02-08
NI9181LD,2019-01-15
NI9181LD,2020-01-16
NI9181LD,2021-03-31
NI9182GP,2018-08-17
NI9182GP,2019-09-30
NI9182GP,2021-03-11
NI9183LG,2018-12-17
NI9190DM,2018-12-17
NI9190DM,2019-11-04
NI9200HP,2018-08-23
NI9201CM,2018-08-23
NI9202MW,2018-08-23
NI9203PM,2019-04-23
NI9203PM,2021-03-31
NI9204CL,2019-01-15
NI9205TD,2018-12-13
NI9206NV,2019-02-13
NI9206NV,2020-02-04
NI9206NV,2021-04-07
NI9208GL,2019-05-03
NI9214JT,2019-03-12
NI9216MC,2018-12-17
NI9216MC,2021-08-16
NI9217AL,2018-12-17
NI9217AL,2021-06-01
NI9218KC,2018-11-19
NI9219EN,2019-03-04
NI9219EN,2021-05-20
NI9221CV,2018-11-26
NI9221CV,2021-04-14
NI9222HS,2019-03-08
NI9225CM,2019-04-09
NI9226IM,2019-04-12
NI9227FR,2019-02-06
NI9229GH,2019-04-23
NI9229GH,2021-05-20
NI9230GJ,2018-11-26
NI9233CT,2018-11-19
NI9233CT,2021-06-01
NI9234LM,2019-05-17
NI9234LM,2021-04-14
NI9236JM,2019-02-26
NI9237FL,2019-02-06
NI9239YP,2019-05-21
NI9241GB,2019-03-12
NI9241GB,2020-02-13
NI9242YL,2019-04-18
NI9243MP,2019-04-30
NI9243MP,2021-03-30
NI9244YG,2019-06-03
NI9244YG,2021-09-29
NI9245GR,2019-04-23
NI9245GR,2020-12-02
NI9248ML,2019-02-12
NI9250BC,2019-02-06
NI9250BC,2021-03-02
NI9254HM,2019-05-15
NI9254HM,2020-10-19
NI9254HM,2021-09-21
NI9256CD,2019-02-21
NI9257MS,2019-02-18
NI9259RA,2019-02-06
NI9261CB,2019-05-03
NI9263OD,2019-03-01
NI9264AY,2019-04-30
NI9265DJ,2019-04-12
NI9266ZH,2019-04-12
NI9267AB,2019-03-04
NI9268EL,2019-04-16
NI9269KL,2019-02-12
NI9271VR,2019-02-18
NI9271VR,2021-06-02
NI9272JZ,2019-02-21
NI9273SB,2019-06-03
NI9273SB,2021-08-16
NI9276FA,2019-08-19
NI9281VW,2019-04-16
NI9282AL,2019-03-06
NI9282AL,2021-04-20
NI9284LS,2019-04-23
NI9285DF,2021-06-02
NI9288AA,2019-05-17
NI9288AA,2020-10-16
NI9288AA,2021-09-08
NI9290LP,2019-09-23
NI9290LP,2021-10-20
NI9292MB,2019-04-30
NI9293GS,2019-05-17
NI9293GS,2021-09-21
NI9294HG,2019-09-27
NI9294HG,2021-09-01
NI9296MR,2019-11-18
NI9296MR,2021-11-08
NI9297SZ,2019-06-07
NI9298LA,2019-05-14
NI9298LA,2021-04-14
NI9299JP,2019-05-07
NI9299JP,2021-04-26
NI9301LS,2019-05-07
NI9301LS,2021-04-14
NI9302JC,2019-05-14
NI9302JC,2021-11-01
NI9303CZ,2019-09-03
NI9304GS,2019-06-10
NI9304GS,2021-07-02
NI9306AB,2020-01-14
NI9308LB,2019-11-07
NI9308LB,2021-11-16
NI9311GC,2019-07-10
NI9312MG,2019-08-06
NI9313PR,2020-01-16
NI9314GJ,2019-08-20
NI9314GJ,2020-11-10
NI9314GJ,2021-09-29
NI9315MB,2019-07-22
NI9315MB,2020-11-04
NI9315MB,2021-11-01
NI9316DB,2019-07-10
NI9316DB,2021-09-29
NI9318MC,2019-07-22
NI9318MC,2021-11-08
NI9319IC,2019-07-30
NI9320FV,2019-05-17
NI9321BV,2019-06-10
NI9323DR,2019-06-03
NI9323DR,2021-11-06
NI9325JC,2019-11-04
NI9325JC,2021-11-06
NI9326LU,2019-10-28
NI9326LU,2021-11-08
NI9327SB,2019-09-05
NI9327SB,2020-11-23
NI9331MB,2019-09-27
NI9334YL,2019-08-19
NI9334YL,2021-12-20
NI9335NB,2019-07-30
NI9336MH,2019-07-22
NI9336MH,2020-11-05
NI9338SD,2019-09-05
NI9338SD,2021-10-20
NI9339LL,2019-08-20
NI9340MS,2019-09-23
NI9340MS,2020-11-03
NI9343CD,2019-07-22
NI9346PV,2019-11-07
NI9347CM,2019-11-07
NI9347CM,2020-10-19
NI9349EA,2019-10-07
NI9350BG,2020-01-09
NI9350BG,2020-12-01
NI9351DS,2019-11-07
NI9351DS,2020-10-20
NI9351DS,2021-11-06
NI9352JM,2019-11-01
NI9353JL,2019-11-18
NI9356JG,2019-10-07
NI9356JG,2021-11-06
NI9357LF,2019-11-18
NI9358FL,2020-01-06
NI9359CG,2020-01-23
NI9359CG,2021-02-04
NI9362AS,2020-01-09
NI9364GL,2021-05-05
NI9366NA,2020-01-10
NI9366NA,2020-12-02
NI9367DL,2020-02-24
NI9367DL,2021-09-29
NI9368JS,2020-01-13
NI9368JS,2021-01-29
NI9372CM,2019-12-03
NI9373MD,2020-01-08
NI9373MD,2021-02-18
NI9374YV,2020-01-08
NI9377WM,2020-01-10
NI9377WM,2021-04-13
NI9378JS,2020-01-09
NI9381JG,2021-05-05
NI9382LM,2019-11-25
NI9383AC,2021-06-29
NI9387FG,2021-05-04
NI9390GB,2021-06-22
NI9391CH,2020-01-21
NI9392JK,2021-05-10
NI9393DH,2020-01-23
NI9397LR,2020-01-31
NI9404AH,2021-02-03
NI9405JG,2020-03-02
NI9406ML,2021-05-05
NI9407LJ,2021-03-09
NI9412LG,2021-05-19
NI9413PV,2021-05-20
NI9415CC,2021-03-02
NI9417JL,2021-02-23
NI9418JN,2021-05-17
NI9419ML,2021-05-17
NI9420LB,2021-09-01
NI9423HF,2021-06-29
NI9425PL,2021-04-07
NI9426LD,2021-03-02
NI9427RS,2021-09-08
NI9431AZ,2021-04-20
NI9432MT,2021-02-23
NI9433DP,2021-06-02
NI9434DP,2021-04-19
NI9435EF,2021-04-19
NI9436ML,2021-04-20
NI9439DT,2021-06-01
NI9440SL,2021-04-19
NI9441MB,2021-06-02
NI9444MC,2021-12-20
PP0003RD,2021-02-18
SDM01LL,2021-07-10
SDM02HP,2021-07-13
SDM03RV,2021-07-02
SDM04FG,2021-07-10
SDM05LD,2021-08-16
SDM06CM,2021-09-01
SDM07EO,2021-07-13
SDM08NB,2021-07-02
SDM09GH,2021-07-13
SDM10CO,2021-09-08
SDM11JL,2021-11-16
SDM12PB,2021-08-10
SDM13JN,2021-09-21
SDM14IA,2021-07-10
SDM15GR,2021-08-16
SDM16MS,2021-08-10
SDM17AD,2021-08-10
SDM21AL,2021-10-20
SDM22RB,2021-10-20
SDM23KK,2021-11-08
SDM29JT,2021-11-16
SDM31TN,2021-11-06
