BS0001MC,VM00
BS0001MC,VM36
BS0008MP,VM00
CC001JG,VM00
CC001JG,VM24
CC002SD,VM00
CC003YD,VM00
CC004DD,VM00
CC004DD,VM12
CC004DD,VM24
CC005SD,VM00
CC005SD,VM12
CC005SD,VM24
CC006NM,VM00
CC006NM,VM24
CC007JG,VM00
CC007JG,VM12
CC008AD,VM00
CC008AD,VM24
CC009MG,VM00
CC009MG,VM36
CC010TM,VM00
CC010TM,VM24
CC011MC,VM00
CC011MC,VM24
CC012CH,VM00
CC013EH,VM00
CC014PH,VM00
CC015GC,VM00
CC015GC,VM12
CC016MD,VM00
CC016MD,VM12
CC019MC,VM00
CC021BL,VM00
CC022SL,VM00
CC022SL,VM24
CC023GD,VM00
CC023GD,VM12
CC023GD,VM24
CC024CM,VM00
CC025NM,VM00
CC025NM,VM24
CC026YM,VM00
CC026YM,VM12
CC026YM,VM24
CC030AP,VM00
CC036IJ,VM00
CP0026SB,VM00
CP0036CM,VM00
CP0037CG,VM36
CP0049LC,VM00
CP0051LG,VM00
CP0111RD,VM00
MRT01,VM00
MRT02,VM00
MRT03,VM00
MRT03,VM12
MRT03,VM24
MRT05,VM00
MRT05,VM12
MRT06,VM00
MRT07,VM00
MRT08,VM00
MRT08,VM36
MRT09,VM00
MRT09,VM24
MRT100,VM00
MRT102,VM00
MRT103,VM00
MRT103,VM12
MRT104,VM00
MRT105,VM00
MRT105,VM12
MRT106,VM00
MRT106,VM12
MRT107,VM00
MRT107,VM12
MRT108,VM12
MRT108,VM36
MRT109,VM00
MRT10,VM00
MRT10,VM12
MRT10,VM24
MRT110,VM00
MRT110,VM12
MRT114,VM00
MRT11,VM00
MRT11,VM12
MRT12,VM00
MRT13,VM00
MRT13,VM12
MRT13,VM24
MRT14,VM00
MRT14,VM12
MRT15,VM00
MRT15,VM12
MRT16,VM00
MRT16,VM12
MRT17,VM00
MRT19,VM00
MRT19,VM12
MRT19,VM24
MRT20,VM00
MRT20,VM12
MRT21,VM00
MRT21,VM24
MRT22,VM00
MRT23,VM12
MRT23,VM36
MRT24,VM00
MRT25,VM00
MRT26,VM00
MRT27,VM00
MRT27,VM12
MRT28,VM00
MRT28,VM12
MRT28,VM24
MRT28,VM36
MRT29,VM00
MRT29,VM12
MRT29,VM24
MRT30,VM00
MRT31,VM00
MRT32,VM00
MRT33,VM00
MRT34,VM00
MRT34,VM24
MRT35,VM00
MRT35,VM12
MRT35,VM24
MRT35,VM36
MRT36,VM00
MRT37,VM00
MRT37,VM12
MRT37,VM24
MRT38,VM00
MRT39,VM00
MRT40,VM00
MRT41,VM00
MRT41,VM12
MRT42,VM00
MRT44,VM00
MRT44,VM12
MRT44,VM36
MRT45,VM00
MRT46,VM00
MRT46,VM12
MRT46,VM24
MRT47,VM00
MRT47,VM12
MRT48,VM00
MRT48,VM12
MRT48,VM24
MRT49,VM00
MRT49,VM24
MRT49,VM36
MRT50,VM00
MRT51,VM00
MRT52,VM00
MRT53,VM00
MRT54,VM00
MRT54,VM12
MRT54,VM24
MRT54,VM36
MRT55,VM00
MRT55,VM12
MRT55,VM36
MRT56,VM00
MRT56,VM24
MRT57,VM00
MRT58,VM00
MRT58,VM24
MRT60,VM00
MRT61,VM00
MRT61,VM24
MRT62,VM00
MRT62,VM24
MRT63,VM00
MRT63,VM24
MRT64,VM00
MRT64,VM12
MRT64,VM24
MRT65,VM00
MRT65,VM12
MRT65,VM24
MRT66,VM00
MRT67,VM00
MRT67,VM24
MRT67,VM36
MRT68,VM00
MRT69,VM00
MRT69,VM36
MRT70,VM00
MRT71,VM00
MRT72,VM00
MRT72,VM24
MRT73,VM00
MRT73,VM12
MRT74,VM00
MRT75,VM00
MRT75,VM12
MRT75,VM24
MRT76,VM00
MRT77,VM00
MRT78,VM00
MRT79,VM00
MRT82,VM00
MRT83,VM00
MRT84,VM00
MRT84,VM12
MRT84,VM24
MRT85,VM00
MRT86,VM00
MRT86,VM12
MRT87,VM00
MRT88,VM00
MRT88,VM12
MRT89,VM00
MRT90,VM00
MRT90,VM12
MRT91,VM00
MRT91,VM12
MRT92,VM00
MRT92,VM12
MRT93,VM00
MRT93,VM24
MRT94,VM00
MRT97,VM00
MRT98,VM00
MRT98,VM24
NI001,VM00
NI002,VM00
NI002,VM12
NI002,VM24
NI004,VM00
NI004,VM12
NI004,VM36
NI005R,VM00
NI005R,VM12
NI005R,VM24
NI005,VM00
NI005,VM12
NI005,VM24
NI006R,VM00
NI006R,VM12
NI006R,VM24
NI006,VM00
NI006,VM12
NI006,VM24
NI007R,VM00
NI007,VM00
NI007,VM12
NI007,VM24
NI008R,VM00
NI008R,VM36
NI008,VM00
NI008,VM12
NI008,VM24
NI009R,VM00
NI009R,VM36
NI009,VM00
NI010,VM00
NI010,VM12
NI011R,VM00
NI011R,VM12
NI011R,VM24
NI011,VM00
NI012R,VM00
NI012R,VM12
NI012R,VM24
NI012,VM00
NI012,VM12
NI012,VM24
NI013R,VM00
NI013R,VM12
NI013R,VM24
NI013,VM00
NI013,VM12
NI013,VM24
NI014R,VM00
NI014R,VM12
NI014R,VM24
NI014,VM00
NI014,VM12
NI014,VM24
NI015R,VM00
NI015,VM00
NI015,VM12
NI017R,VM00
NI017R,VM12
NI017R,VM24
NI017,VM00
NI017,VM12
NI017,VM24
NI017,VM48
NI018R,VM00
NI018R,VM12
NI018R,VM24
NI019JL,VM00
NI019R,VM00
NI019R,VM12
NI019R,VM24
NI020R,VM00
NI020R,VM12
NI020R,VM24
NI9001FP,VM00
NI9001FP,VM24
NI9001JS,VM00
NI9002PC,VM00
NI9003GL,VM00
NI9003GL,VM12
NI9004LL,VM00
NI9004LL,VM12
NI9006GB,VM00
NI9006GB,VM12
NI9006GB,VM24
NI9006GB,VM48
NI9007BS,VM00
NI9007BS,VM12
NI9008RE,VM00
NI9009NT,VM00
NI9009NT,VM12
NI9009NT,VM24
NI9011CG,VM00
NI9011CG,VM12
NI9011CG,VM24
NI9012GP,VM00
NI9012GP,VM12
NI9012GP,VM24
NI9013SB,VM00
NI9018RF,VM00
NI9018RF,VM12
NI9019HN,VM00
NI9019HN,VM12
NI9020RS,VM00
NI9020RS,VM12
NI9021BG,VM00
NI9021BG,VM12
NI9022DD,VM00
NI9022DD,VM12
NI9023PS,VM00
NI9024CG,VM00
NI9024CG,VM12
NI9024CG,VM24
NI9025JS,VM00
NI9025JS,VM12
NI9025JS,VM24
NI9027YD,VM00
NI9027YD,VM36
NI9027YD,VM48
NI9028NC,VM00
NI9030CB,VM00
NI9030CB,VM36
NI9033NS,VM00
NI9033NS,VM12
NI9034JG,VM00
NI9034JG,VM12
NI9034JG,VM24
NI9035AT,VM00
NI9036LD,VM00
NI9036LD,VM12
NI9037LP,VM00
NI9037LP,VM12
NI9038GP,VM00
NI9038GP,VM12
NI9038GP,VM24
NI9039HG,VM00
NI9039HG,VM12
NI9040RC,VM00
NI9040RC,VM12
NI9040RC,VM24
NI9041RG,VM00
NI9041RG,VM12
NI9041RG,VM24
NI9042NS,VM00
NI9042NS,VM12
NI9042NS,VM24
NI9045AP,VM00
NI9046DW,VM00
NI9046DW,VM12
NI9046DW,VM24
NI9047EB,VM00
NI9047EB,VM12
NI9047EB,VM24
NI9048RM,VM00
NI9048RM,VM12
NI9049CM,VM00
NI9049CM,VM12
NI9053MG,VM00
NI9054FS,VM00
NI9054FS,VM12
NI9054FS,VM24
NI9055AG,VM00
NI9055AG,VM24
NI9056JC,VM00
NI9056JC,VM24
NI9057PG,VM00
NI9057PG,VM12
NI9057PG,VM24
NI9057PG,VM48
NI9058GM,VM00
NI9058GM,VM12
NI9058GM,VM24
NI9058GM,VM48
NI9059GT,VM00
NI9060MD,VM00
NI9060MD,VM12
NI9061GB,VM00
NI9062DB,VM00
NI9062DB,VM12
NI9063NT,VM00
NI9063NT,VM12
NI9063NT,VM24
NI9064LL,VM00
NI9064LL,VM12
NI9064LL,VM24
NI9064LL,VM48
NI9065BT,VM00
NI9065BT,VM12
NI9065BT,VM24
NI9065BT,VM48
NI9067EP,VM00
NI9068KC,VM00
NI9070NJ,VM00
NI9075AR,VM00
NI9075AR,VM12
NI9075AR,VM24
NI9076MM,VM00
NI9076MM,VM12
NI9076MM,VM24
NI9078MG,VM00
NI9079BB,VM00
NI9081CP,VM00
NI9081CP,VM12
NI9081CP,VM24
NI9082DB,VM00
NI9082DB,VM12
NI9083RM,VM00
NI9083RM,VM12
NI9083RM,VM24
NI9083RM,VM48
NI9084SL,VM00
NI9084SL,VM12
NI9084SL,VM24
NI9085LL,VM00
NI9085LL,VM12
NI9085LL,VM24
NI9085LL,VM48
NI9090PJ,VM00
NI9090PJ,VM12
NI9092GE,VM00
NI9094TZ,VM00
NI9095RP,VM00
NI9095RP,VM24
NI9096EF,VM00
NI9096EF,VM12
NI9097CD,VM00
NI9099BP,VM00
NI9099BP,VM12
NI9100JC,VM00
NI9100JC,VM12
NI9100JC,VM24
NI9101LG,VM00
NI9101LG,VM12
NI9102AS,VM00
NI9102AS,VM12
NI9102AS,VM24
NI9103PS,VM00
NI9103PS,VM12
NI9103PS,VM24
NI9108LM,VM00
NI9111DP,VM00
NI9111DP,VM12
NI9114GG,VM00
NI9114GG,VM12
NI9115JM,VM00
NI9115JM,VM12
NI9115JM,VM24
NI9118HD,VM00
NI9118HD,VM12
NI9118HD,VM24
NI9119ML,VM00
NI9119ML,VM24
NI9120JC,VM00
NI9121JC,VM00
NI9121JC,VM12
NI9123GT,VM00
NI9123GT,VM24
NI9125DT,VM00
NI9126LL,VM00
NI9127LV,VM00
NI9127LV,VM12
NI9127LV,VM24
NI9128HM,VM00
NI9128HM,VM12
NI9129ML,VM00
NI9129ML,VM12
NI9129ML,VM24
NI9130DR,VM00
NI9130DR,VM12
NI9131GH,VM00
NI9131GH,VM12
NI9131GH,VM24
NI9132SD,VM00
NI9132SD,VM12
NI9133CC,VM00
NI9133CC,VM12
NI9133CC,VM24
NI9133CC,VM48
NI9136CG,VM00
NI9136CG,VM12
NI9139RM,VM00
NI9139RM,VM12
NI9139RM,VM24
NI9141CA,VM00
NI9144FL,VM00
NI9144FL,VM24
NI9146PG,VM00
NI9147GT,VM00
NI9148LC,VM00
NI9150SF,VM00
NI9152IL,VM00
NI9152IL,VM12
NI9159HS,VM00
NI9161SB,VM00
NI9161SB,VM12
NI9161SB,VM24
NI9163DR,VM00
NI9163DR,VM12
NI9164DR,VM00
NI9164DR,VM12
NI9164DR,VM24
NI9165LL,VM00
NI9165LL,VM12
NI9165LL,VM24
NI9166EM,VM00
NI9166EM,VM12
NI9166EM,VM24
NI9167MP,VM00
NI9168AD,VM00
NI9168AD,VM24
NI9170JR,VM00
NI9170JR,VM12
NI9170JR,VM24
NI9171PV,VM00
NI9171PV,VM12
NI9171PV,VM24
NI9171PV,VM48
NI9173SG,VM00
NI9173SG,VM24
NI9174NB,VM00
NI9174NB,VM12
NI9174NB,VM24
NI9176DK,VM00
NI9176DK,VM12
NI9176DK,VM24
NI9176DK,VM48
NI9177JC,VM00
NI9177JC,VM24
NI9178GG,VM00
NI9178GG,VM12
NI9178GG,VM24
NI9181LD,VM00
NI9181LD,VM12
NI9181LD,VM24
NI9182GP,VM00
NI9182GP,VM12
NI9182GP,VM24
NI9183LG,VM00
NI9190DM,VM00
NI9190DM,VM12
NI9200HP,VM00
NI9201CM,VM00
NI9202MW,VM00
NI9203PM,VM00
NI9203PM,VM24
NI9204CL,VM00
NI9205TD,VM00
NI9206NV,VM00
NI9206NV,VM12
NI9206NV,VM24
NI9208GL,VM00
NI9214JT,VM00
NI9216MC,VM00
NI9216MC,VM24
NI9217AL,VM00
NI9217AL,VM24
NI9218KC,VM00
NI9218KC,VM24
NI9219EN,VM00
NI9219EN,VM24
NI9221CV,VM00
NI9221CV,VM24
NI9222HS,VM00
NI9225CM,VM00
NI9226IM,VM00
NI9227FR,VM00
NI9229GH,VM00
NI9229GH,VM24
NI9230GJ,VM00
NI9233CT,VM00
NI9233CT,VM24
NI9234LM,VM00
NI9234LM,VM24
NI9236JM,VM00
NI9237FL,VM00
NI9239YP,VM00
NI9241GB,VM00
NI9241GB,VM12
NI9242YL,VM00
NI9243MP,VM00
NI9243MP,VM24
NI9244YG,VM00
NI9244YG,VM24
NI9245GR,VM00
NI9245GR,VM12
NI9248ML,VM00
NI9250BC,VM00
NI9250BC,VM24
NI9251MK,VM00
NI9254HM,VM00
NI9254HM,VM12
NI9254HM,VM24
NI9254HM,VM36
NI9256CD,VM00
NI9257MS,VM00
NI9259RA,VM00
NI9261CB,VM00
NI9263OD,VM00
NI9264AY,VM00
NI9265DJ,VM00
NI9266ZH,VM00
NI9267AB,VM00
NI9268EL,VM00
NI9269KL,VM00
NI9271VR,VM00
NI9271VR,VM24
NI9272JZ,VM00
NI9273SB,VM00
NI9273SB,VM24
NI9276FA,VM00
NI9281VW,VM00
NI9282AL,VM00
NI9282AL,VM24
NI9284LS,VM00
NI9285DF,VM00
NI9288AA,VM00
NI9288AA,VM12
NI9288AA,VM24
NI9288AA,VM36
NI9290LP,VM00
NI9290LP,VM24
NI9290LP,VM48
NI9291RI,VM00
NI9292MB,VM00
NI9293GS,VM00
NI9293GS,VM24
NI9293GS,VM36
NI9294HG,VM00
NI9294HG,VM24
NI9296MR,VM00
NI9296MR,VM24
NI9297SZ,VM00
NI9298LA,VM00
NI9298LA,VM24
NI9299JP,VM00
NI9299JP,VM24
NI9301LS,VM00
NI9301LS,VM24
NI9302JC,VM00
NI9302JC,VM24
NI9303CZ,VM00
NI9303CZ,VM36
NI9304GS,VM00
NI9304GS,VM12
NI9306AB,VM00
NI9308LB,VM00
NI9308LB,VM24
NI9311GC,VM00
NI9312MG,VM00
NI9313PR,VM00
NI9314GJ,VM00
NI9314GJ,VM12
NI9314GJ,VM24
NI9314GJ,VM48
NI9315MB,VM00
NI9315MB,VM12
NI9315MB,VM24
NI9315MB,VM36
NI9316DB,VM00
NI9316DB,VM24
NI9318MC,VM00
NI9318MC,VM24
NI9318MC,VM36
NI9319IC,VM00
NI9320FV,VM00
NI9320FV,VM12
NI9321BV,VM00
NI9323DR,VM00
NI9323DR,VM24
NI9325JC,VM00
NI9325JC,VM24
NI9326LU,VM00
NI9326LU,VM24
NI9327SB,VM00
NI9327SB,VM12
NI9331MB,VM00
NI9331MB,VM12
NI9334YL,VM00
NI9334YL,VM24
NI9334YL,VM36
NI9335NB,VM00
NI9336MH,VM00
NI9336MH,VM12
NI9336MH,VM36
NI9338SD,VM00
NI9338SD,VM24
NI9339LL,VM00
NI9340MS,VM00
NI9340MS,VM12
NI9340MS,VM36
NI9341HD,VM00
NI9343CD,VM00
NI9345GM,VM00
NI9346PV,VM00
NI9347CM,VM00
NI9347CM,VM12
NI9349EA,VM00
NI9350BG,VM00
NI9350BG,VM12
NI9350BG,VM36
NI9351DS,VM00
NI9351DS,VM12
NI9351DS,VM24
NI9352JM,VM00
NI9353JL,VM00
NI9356JG,VM00
NI9356JG,VM24
NI9356JG,VM36
NI9357LF,VM00
NI9357LF,VM24
NI9357LF,VM36
NI9358FL,VM00
NI9359CG,VM00
NI9359CG,VM12
NI9362AS,VM00
NI9362AS,VM24
NI9364GL,VM00
NI9366NA,VM00
NI9366NA,VM12
NI9367DL,VM00
NI9367DL,VM12
NI9368JS,VM00
NI9368JS,VM12
NI9372CM,VM00
NI9373MD,VM00
NI9373MD,VM12
NI9374YV,VM00
NI9374YV,VM48
NI9376MM,VM00
NI9376MM,VM24
NI9377WM,VM00
NI9377WM,VM12
NI9377WM,VM24
NI9378JS,VM00
NI9381JG,VM00
NI9382LM,VM00
NI9383AC,VM00
NI9387FG,VM00
NI9390GB,VM00
NI9390GB,VM12
NI9391CH,VM00
NI9392JK,VM00
NI9393DH,VM00
NI9397LR,VM00
NI9404AH,VM00
NI9404AH,VM12
NI9405JG,VM00
NI9405JG,VM24
NI9406ML,VM00
NI9407LJ,VM00
NI9412LG,VM00
NI9413PV,VM00
NI9415CC,VM00
NI9417JL,VM00
NI9418JN,VM00
NI9418JN,VM24
NI9419ML,VM00
NI9420LB,VM00
NI9423HF,VM00
NI9425PL,VM00
NI9426LD,VM00
NI9426LD,VM12
NI9426LD,VM24
NI9427RS,VM00
NI9431AZ,VM00
NI9431AZ,VM12
NI9432MT,VM00
NI9433DP,VM00
NI9434DP,VM00
NI9435EF,VM00
NI9436ML,VM00
NI9439DT,VM00
NI9440SL,VM00
NI9440SL,VM24
NI9441MB,VM00
NI9441MB,VM12
NI9443AC,VM00
NI9444MC,VM00
NI9445ST,VM12
NI9446PF,VM12
NI9449NC,VM12
NI9454GF,VM12
NIH001,VM00
NIH002,VM00
NIH003,VM00
NIH004,VM00
NIH005,VM00
NIH006,VM00
NIH007,VM00
NIH008,VM00
NIH009,VM00
NIH010,VM00
NIH011,VM00
NIH012,VM00
NIH013,VM00
NIH014,VM00
NIH015,VM00
NIH016,VM00
NIH017,VM00
NIH018,VM00
NIH019,VM00
NIH020,VM00
NIH022,VM00
NIH023,VM00
NIH024,VM00
NIH025,VM00
NIH026,VM00
NIH027,VM00
NIH031,VM00
NIH032,VM00
NIH033,VM00
NIH034,VM00
NIH035,VM00
NIH036,VM00
NIH037,VM00
NIH038,VM00
NIH040,VM00
NIH041,VM00
NIH042,VM00
NIH043,VM00
NIH044,VM00
NIH045,VM00
NIH046,VM00
NIH047,VM00
NIH048,VM00
NIH049,VM00
NIH050,VM00
NIH051,VM00
NIH052,VM00
NIH055,VM00
NIH056,VM00
NIH060,VM00
PP0001JP,VM00
PP0002JL,VM00
PP0002JL,VM24
PP0003RD,VM00
PP0003RD,VM12
PP0003RD,VM36
PP0005CV,VM00
PP0006JT,VM00
PP0006JT,VM24
PP0007AG,VM00
PP0009JB,VM00
PP0010BL,VM00
PP0011PR,VM00
PP0013SL,VM00
PP0013SL,VM24
SDM01LL,VM00
SDM02HP,VM00
SDM03RV,VM00
SDM04FG,VM00
SDM04FG,VM24
SDM05LD,VM00
SDM06CM,VM00
SDM07EO,VM00
SDM08NB,VM00
SDM08NB,VM12
SDM09GH,VM00
SDM10CO,VM00
SDM11JL,VM00
SDM11JL,VM12
SDM12PB,VM00
SDM12PB,VM12
SDM13JN,VM00
SDM14IA,VM00
SDM15GR,VM00
SDM15GR,VM24
SDM16MS,VM00
SDM17AD,VM00
SDM17AD,VM24
SDM21AL,VM00
SDM22RB,VM00
SDM23KK,VM00
SDM25LD,VM12
SDM29JT,VM00
SDM30CM,VM00
SDM31TN,VM00
SDM34SM,VM00
SDM37MT,VM12
